#
# A fatal error has been detected by the Java Runtime Environment:
#
#  EXCEPTION_ACCESS_VIOLATION (0xc0000005) at pc=0x000000006a283948, pid=4044, tid=0x0000000000006e3c
#
# JRE version: Java(TM) SE Runtime Environment (8.0_131-b11) (build 1.8.0_131-b11)
# Java VM: Java HotSpot(TM) 64-Bit Server VM (25.131-b11 mixed mode windows-amd64 compressed oops)
# Problematic frame:
# V  [jvm.dll+0x43948]
#
# Failed to write core dump. Minidumps are not enabled by default on client versions of Windows
#
# If you would like to submit a bug report, please visit:
#   http://bugreport.java.com/bugreport/crash.jsp
#

---------------  T H R E A D  ---------------

Current thread (0x0000000015259000):  JavaThread "C1 CompilerThread2" daemon [_thread_in_vm, id=28220, stack(0x0000000015b50000,0x0000000015c50000)]

siginfo: ExceptionCode=0xc0000005, reading address 0xffffffffffffffff

Registers:
RAX=0x0000000015259000, RBX=0x000000000298e780, RCX=0x000000000298e780, RDX=0x000000000298e780
RSP=0x0000000015c4cb20, RBP=0x00000000169e4820, RSI=0x000000000298e780, RDI=0x0000000000000000
R8 =0x787bb290ffff0013, R9 =0x0000000000000000, R10=0x00000000169e4a50, R11=0x0000000018673310
R12=0x0000000015259000, R13=0x00000000169e4820, R14=0x0000000018249860, R15=0x00000000000000b6
RIP=0x000000006a283948, EFLAGS=0x0000000000010202

Top of Stack: (sp=0x0000000015c4cb20)
0x0000000015c4cb20:   00000000000000b6 0000000015c4f0d0
0x0000000015c4cb30:   00000000000000b6 0000000000000077
0x0000000015c4cb40:   0000000023189b48 0000000015c4f0d0
0x0000000015c4cb50:   0000000015c4cc30 000000006a26ff85
0x0000000015c4cb60:   00000000000000eb 000000006a283cd9
0x0000000015c4cb70:   0000000000000077 0000000000000077
0x0000000015c4cb80:   0000000000000000 0000000000000000
0x0000000015c4cb90:   0000000000000000 00000000183d3820
0x0000000015c4cba0:   0000000002a19080 000000006a281fbb
0x0000000015c4cbb0:   0000000000000000 0000000015259000
0x0000000015c4cbc0:   000000001824ca50 000000006a26cf6f
0x0000000015c4cbd0:   0000000015259000 000000006a2872c0
0x0000000015c4cbe0:   0000000015259000 0000000015259000
0x0000000015c4cbf0:   00000000183d3820 000000006a66193b
0x0000000015c4cc00:   0000000000000000 0000000000000000
0x0000000015c4cc10:   000000001824ca50 00000000000000b7 

Instructions: (pc=0x000000006a283948)
0x000000006a283928:   00 48 8b da ff 15 be 8a 59 00 44 0f b6 05 62 f6
0x000000006a283938:   7a 00 4c 8b e0 45 84 c0 74 39 4c 8b 03 48 8b cb
0x000000006a283948:   41 ff 50 08 84 c0 74 2b 83 7b 08 00 7e 25 0f b6
0x000000006a283958:   83 0e 01 00 00 c0 e8 03 a8 01 74 17 48 8b 03 48 


Register to memory mapping:

RAX=0x0000000015259000 is a thread
RBX=0x000000000298e780 is an unknown value
RCX=0x000000000298e780 is an unknown value
RDX=0x000000000298e780 is an unknown value
RSP=0x0000000015c4cb20 is pointing into the stack for thread: 0x0000000015259000
RBP=0x00000000169e4820 is an unknown value
RSI=0x000000000298e780 is an unknown value
RDI=0x0000000000000000 is an unknown value
R8 =0x787bb290ffff0013 is an unknown value
R9 =0x0000000000000000 is an unknown value
R10=0x00000000169e4a50 is an unknown value
R11=0x0000000018673310 is an unknown value
R12=0x0000000015259000 is a thread
R13=0x00000000169e4820 is an unknown value
R14=0x0000000018249860 is an unknown value
R15=0x00000000000000b6 is an unknown value


Stack: [0x0000000015b50000,0x0000000015c50000],  sp=0x0000000015c4cb20,  free space=1010k
Native frames: (J=compiled Java code, j=interpreted, Vv=VM code, C=native code)
V  [jvm.dll+0x43948]
V  [jvm.dll+0x43cd9]
V  [jvm.dll+0x41fbb]
V  [jvm.dll+0x42193b]
V  [jvm.dll+0x41c723]
V  [jvm.dll+0x41f587]
V  [jvm.dll+0x41fd4b]
V  [jvm.dll+0x420c46]
V  [jvm.dll+0x420ea8]
V  [jvm.dll+0x4212db]
V  [jvm.dll+0x420e35]
V  [jvm.dll+0x41cba2]
V  [jvm.dll+0x41f587]
V  [jvm.dll+0x41fd4b]
V  [jvm.dll+0x420c46]
V  [jvm.dll+0x420ea8]
V  [jvm.dll+0x4212db]
V  [jvm.dll+0x420e35]
V  [jvm.dll+0x41cba2]
V  [jvm.dll+0x41f587]
V  [jvm.dll+0x41fe7d]
V  [jvm.dll+0x420c46]
V  [jvm.dll+0x420ea8]
V  [jvm.dll+0x4212db]
V  [jvm.dll+0x420e35]
V  [jvm.dll+0x41cba2]
V  [jvm.dll+0x41f587]
V  [jvm.dll+0x41fd4b]
V  [jvm.dll+0x420c46]
V  [jvm.dll+0x420ea8]
V  [jvm.dll+0x4212db]
V  [jvm.dll+0x420e35]
V  [jvm.dll+0x41cba2]
V  [jvm.dll+0x41f587]
V  [jvm.dll+0x41fe7d]
V  [jvm.dll+0x420c46]
V  [jvm.dll+0x420ea8]
V  [jvm.dll+0x4212db]
V  [jvm.dll+0x420e35]
V  [jvm.dll+0x41cba2]
V  [jvm.dll+0x41f587]
V  [jvm.dll+0x41fd4b]
V  [jvm.dll+0x420c46]
V  [jvm.dll+0x420ea8]
V  [jvm.dll+0x41cba2]
V  [jvm.dll+0x41f587]
V  [jvm.dll+0x41fd4b]
V  [jvm.dll+0x420c46]
V  [jvm.dll+0x420ea8]
V  [jvm.dll+0x41cba2]
V  [jvm.dll+0x41f587]
V  [jvm.dll+0x41fe7d]
V  [jvm.dll+0x420272]
V  [jvm.dll+0x425345]
V  [jvm.dll+0x425450]
V  [jvm.dll+0x40eba8]
V  [jvm.dll+0x40ee11]
V  [jvm.dll+0x40efd2]
V  [jvm.dll+0x40f1a1]
V  [jvm.dll+0x40f3af]
V  [jvm.dll+0xa5de2]
V  [jvm.dll+0xa671f]
V  [jvm.dll+0x24537f]
V  [jvm.dll+0x29cc1a]
C  [msvcr100.dll+0x21d9f]
C  [msvcr100.dll+0x21e3b]
C  [KERNEL32.DLL+0x14034]
C  [ntdll.dll+0x73691]


Current CompileTask:
C1:  16591 12542       3       android.content.res.TypedArray::$$robo$$android_content_res_TypedArray$loadStringValueAt (51 bytes)


---------------  P R O C E S S  ---------------

Java Threads: ( => current thread )
  0x000000001cde3000 JavaThread "Espresso Remote #0" [_thread_blocked, id=28212, stack(0x0000000025ef0000,0x0000000025ff0000)]
  0x000000001cde7800 JavaThread "SDK 28 Main Thread" [_thread_in_native, id=28348, stack(0x0000000022f00000,0x0000000023000000)]
  0x000000001729d000 JavaThread "Espresso Remote #0" [_thread_blocked, id=28256, stack(0x0000000020460000,0x0000000020560000)]
  0x0000000016b44800 JavaThread "SDK 28 Main Thread" [_thread_blocked, id=22328, stack(0x0000000017e20000,0x0000000017f20000)]
  0x00000000163ea000 JavaThread "/127.0.0.1:56502 to /127.0.0.1:56501 workers Thread 3" [_thread_in_native, id=26972, stack(0x0000000017920000,0x0000000017a20000)]
  0x00000000166bf000 JavaThread "/127.0.0.1:56502 to /127.0.0.1:56501 workers Thread 2" [_thread_blocked, id=11788, stack(0x0000000017820000,0x0000000017920000)]
  0x00000000167a4800 JavaThread "Test worker" [_thread_blocked, id=24476, stack(0x0000000017720000,0x0000000017820000)]
  0x00000000152d4800 JavaThread "Service Thread" daemon [_thread_blocked, id=28292, stack(0x0000000015c50000,0x0000000015d50000)]
=>0x0000000015259000 JavaThread "C1 CompilerThread2" daemon [_thread_in_vm, id=28220, stack(0x0000000015b50000,0x0000000015c50000)]
  0x0000000015250000 JavaThread "C2 CompilerThread1" daemon [_thread_blocked, id=27032, stack(0x0000000015a50000,0x0000000015b50000)]
  0x000000001524c000 JavaThread "C2 CompilerThread0" daemon [_thread_blocked, id=26152, stack(0x0000000015950000,0x0000000015a50000)]
  0x000000001524a000 JavaThread "Attach Listener" daemon [_thread_blocked, id=27512, stack(0x0000000015850000,0x0000000015950000)]
  0x0000000013e0e000 JavaThread "Signal Dispatcher" daemon [_thread_blocked, id=9808, stack(0x0000000015750000,0x0000000015850000)]
  0x0000000002a3b000 JavaThread "Finalizer" daemon [_thread_blocked, id=21904, stack(0x0000000015020000,0x0000000015120000)]
  0x0000000002a30000 JavaThread "Reference Handler" daemon [_thread_blocked, id=27776, stack(0x0000000014f20000,0x0000000015020000)]
  0x000000000283d800 JavaThread "main" [_thread_blocked, id=21588, stack(0x0000000002840000,0x0000000002940000)]

Other Threads:
  0x0000000013d78000 VMThread [stack: 0x0000000014e20000,0x0000000014f20000] [id=23064]
  0x0000000015342800 WatcherThread [stack: 0x0000000015d50000,0x0000000015e50000] [id=28568]

VM state:not at safepoint (normal execution)

VM Mutex/Monitor currently owned by a thread: None

Heap:
 PSYoungGen      total 146432K, used 85423K [0x00000000f5580000, 0x00000000ffe80000, 0x0000000100000000)
  eden space 122368K, 59% used [0x00000000f5580000,0x00000000f9cbcb68,0x00000000fcd00000)
  from space 24064K, 51% used [0x00000000fcd00000,0x00000000fd92f310,0x00000000fe480000)
  to   space 23040K, 0% used [0x00000000fe800000,0x00000000fe800000,0x00000000ffe80000)
 ParOldGen       total 332288K, used 177622K [0x00000000e0000000, 0x00000000f4480000, 0x00000000f5580000)
  object space 332288K, 53% used [0x00000000e0000000,0x00000000ead75968,0x00000000f4480000)
 Metaspace       used 105304K, capacity 118012K, committed 118272K, reserved 1153024K
  class space    used 11714K, capacity 14831K, committed 14848K, reserved 1048576K

Card table byte_map: [0x0000000011e00000,0x0000000011f10000] byte_map_base: 0x0000000011700000

Marking Bits: (ParMarkBitMap*) 0x000000006aa5c720
 Begin Bits: [0x0000000012310000, 0x0000000012b10000)
 End Bits:   [0x0000000012b10000, 0x0000000013310000)

Polling page: 0x0000000000ab0000

CodeCache: size=245760Kb used=28815Kb max_used=28826Kb free=216944Kb
 bounds [0x0000000002a40000, 0x0000000004680000, 0x0000000011a40000]
 total_blobs=9110 nmethods=7387 adapters=1634
 compilation: enabled

Compilation events (10 events):
Event: 16.477 Thread 0x0000000015259000 12527       3       sun.reflect.ClassFileAssembler::emitShort (38 bytes)
Event: 16.477 Thread 0x0000000015259000 nmethod 12527 0x0000000004662b90 code [0x0000000004662d40, 0x00000000046631b8]
Event: 16.491 Thread 0x000000001524c000 12532       4       jdk.internal.org.objectweb.asm.Frame::merge (576 bytes)
Event: 16.501 Thread 0x0000000015259000 12539       3       java.awt.geom.FlatteningPathIterator::ensureHoldCapacity (84 bytes)
Event: 16.501 Thread 0x0000000015259000 nmethod 12539 0x0000000004665710 code [0x0000000004665880, 0x0000000004665ba8]
Event: 16.501 Thread 0x0000000015259000 12540       3       java.awt.geom.CubicCurve2D::subdivide (341 bytes)
Event: 16.501 Thread 0x0000000015259000 nmethod 12540 0x0000000004673910 code [0x0000000004673b60, 0x0000000004674150]
Event: 16.501 Thread 0x0000000015259000 12541       3       android.content.res.TypedArray::loadStringValueAt (8 bytes)
Event: 16.503 Thread 0x0000000015259000 nmethod 12541 0x0000000004674c90 code [0x0000000004674fc0, 0x0000000004676ac8]
Event: 16.503 Thread 0x0000000015259000 12542       3       android.content.res.TypedArray::$$robo$$android_content_res_TypedArray$loadStringValueAt (51 bytes)

GC Heap History (10 events):
Event: 14.582 GC heap before
{Heap before GC invocations=41 (full 4):
 PSYoungGen      total 146432K, used 125521K [0x00000000f5580000, 0x0000000100000000, 0x0000000100000000)
  eden space 118784K, 100% used [0x00000000f5580000,0x00000000fc980000,0x00000000fc980000)
  from space 27648K, 24% used [0x00000000fe480000,0x00000000feb144b8,0x00000000fff80000)
  to   space 27648K, 0% used [0x00000000fc980000,0x00000000fc980000,0x00000000fe480000)
 ParOldGen       total 332288K, used 172852K [0x00000000e0000000, 0x00000000f4480000, 0x00000000f5580000)
  object space 332288K, 52% used [0x00000000e0000000,0x00000000ea8cd158,0x00000000f4480000)
 Metaspace       used 96983K, capacity 109067K, committed 109312K, reserved 1144832K
  class space    used 10853K, capacity 13820K, committed 13824K, reserved 1048576K
Event: 14.593 GC heap after
Heap after GC invocations=41 (full 4):
 PSYoungGen      total 146432K, used 7359K [0x00000000f5580000, 0x00000000fff00000, 0x0000000100000000)
  eden space 118784K, 0% used [0x00000000f5580000,0x00000000f5580000,0x00000000fc980000)
  from space 27648K, 26% used [0x00000000fc980000,0x00000000fd0afea0,0x00000000fe480000)
  to   space 27136K, 0% used [0x00000000fe480000,0x00000000fe480000,0x00000000fff00000)
 ParOldGen       total 332288K, used 175390K [0x00000000e0000000, 0x00000000f4480000, 0x00000000f5580000)
  object space 332288K, 52% used [0x00000000e0000000,0x00000000eab47968,0x00000000f4480000)
 Metaspace       used 96983K, capacity 109067K, committed 109312K, reserved 1144832K
  class space    used 10853K, capacity 13820K, committed 13824K, reserved 1048576K
}
Event: 15.265 GC heap before
{Heap before GC invocations=42 (full 4):
 PSYoungGen      total 146432K, used 126143K [0x00000000f5580000, 0x00000000fff00000, 0x0000000100000000)
  eden space 118784K, 100% used [0x00000000f5580000,0x00000000fc980000,0x00000000fc980000)
  from space 27648K, 26% used [0x00000000fc980000,0x00000000fd0afea0,0x00000000fe480000)
  to   space 27136K, 0% used [0x00000000fe480000,0x00000000fe480000,0x00000000fff00000)
 ParOldGen       total 332288K, used 175390K [0x00000000e0000000, 0x00000000f4480000, 0x00000000f5580000)
  object space 332288K, 52% used [0x00000000e0000000,0x00000000eab47968,0x00000000f4480000)
 Metaspace       used 99719K, capacity 111903K, committed 112256K, reserved 1146880K
  class space    used 11109K, capacity 14121K, committed 14208K, reserved 1048576K
Event: 15.273 GC heap after
Heap after GC invocations=42 (full 4):
 PSYoungGen      total 146432K, used 8628K [0x00000000f5580000, 0x00000000ffe80000, 0x0000000100000000)
  eden space 119808K, 0% used [0x00000000f5580000,0x00000000f5580000,0x00000000fca80000)
  from space 26624K, 32% used [0x00000000fe480000,0x00000000feced1c8,0x00000000ffe80000)
  to   space 26624K, 0% used [0x00000000fca80000,0x00000000fca80000,0x00000000fe480000)
 ParOldGen       total 332288K, used 177462K [0x00000000e0000000, 0x00000000f4480000, 0x00000000f5580000)
  object space 332288K, 53% used [0x00000000e0000000,0x00000000ead4d968,0x00000000f4480000)
 Metaspace       used 99719K, capacity 111903K, committed 112256K, reserved 1146880K
  class space    used 11109K, capacity 14121K, committed 14208K, reserved 1048576K
}
Event: 15.708 GC heap before
{Heap before GC invocations=43 (full 4):
 PSYoungGen      total 146432K, used 128436K [0x00000000f5580000, 0x00000000ffe80000, 0x0000000100000000)
  eden space 119808K, 100% used [0x00000000f5580000,0x00000000fca80000,0x00000000fca80000)
  from space 26624K, 32% used [0x00000000fe480000,0x00000000feced1c8,0x00000000ffe80000)
  to   space 26624K, 0% used [0x00000000fca80000,0x00000000fca80000,0x00000000fe480000)
 ParOldGen       total 332288K, used 177462K [0x00000000e0000000, 0x00000000f4480000, 0x00000000f5580000)
  object space 332288K, 53% used [0x00000000e0000000,0x00000000ead4d968,0x00000000f4480000)
 Metaspace       used 101935K, capacity 114198K, committed 114432K, reserved 1148928K
  class space    used 11314K, capacity 14329K, committed 14336K, reserved 1048576K
Event: 15.715 GC heap after
Heap after GC invocations=43 (full 4):
 PSYoungGen      total 146432K, used 10000K [0x00000000f5580000, 0x00000000ffe00000, 0x0000000100000000)
  eden space 119808K, 0% used [0x00000000f5580000,0x00000000f5580000,0x00000000fca80000)
  from space 26624K, 37% used [0x00000000fca80000,0x00000000fd4440d8,0x00000000fe480000)
  to   space 25600K, 0% used [0x00000000fe500000,0x00000000fe500000,0x00000000ffe00000)
 ParOldGen       total 332288K, used 177542K [0x00000000e0000000, 0x00000000f4480000, 0x00000000f5580000)
  object space 332288K, 53% used [0x00000000e0000000,0x00000000ead61968,0x00000000f4480000)
 Metaspace       used 101935K, capacity 114198K, committed 114432K, reserved 1148928K
  class space    used 11314K, capacity 14329K, committed 14336K, reserved 1048576K
}
Event: 16.101 GC heap before
{Heap before GC invocations=44 (full 4):
 PSYoungGen      total 146432K, used 129808K [0x00000000f5580000, 0x00000000ffe00000, 0x0000000100000000)
  eden space 119808K, 100% used [0x00000000f5580000,0x00000000fca80000,0x00000000fca80000)
  from space 26624K, 37% used [0x00000000fca80000,0x00000000fd4440d8,0x00000000fe480000)
  to   space 25600K, 0% used [0x00000000fe500000,0x00000000fe500000,0x00000000ffe00000)
 ParOldGen       total 332288K, used 177542K [0x00000000e0000000, 0x00000000f4480000, 0x00000000f5580000)
  object space 332288K, 53% used [0x00000000e0000000,0x00000000ead61968,0x00000000f4480000)
 Metaspace       used 104044K, capacity 116594K, committed 116864K, reserved 1150976K
  class space    used 11597K, capacity 14652K, committed 14720K, reserved 1048576K
Event: 16.109 GC heap after
Heap after GC invocations=44 (full 4):
 PSYoungGen      total 145920K, used 11970K [0x00000000f5580000, 0x00000000ffc00000, 0x0000000100000000)
  eden space 122368K, 0% used [0x00000000f5580000,0x00000000f5580000,0x00000000fcd00000)
  from space 23552K, 50% used [0x00000000fe500000,0x00000000ff0b0aa0,0x00000000ffc00000)
  to   space 24064K, 0% used [0x00000000fcd00000,0x00000000fcd00000,0x00000000fe480000)
 ParOldGen       total 332288K, used 177622K [0x00000000e0000000, 0x00000000f4480000, 0x00000000f5580000)
  object space 332288K, 53% used [0x00000000e0000000,0x00000000ead75968,0x00000000f4480000)
 Metaspace       used 104044K, capacity 116594K, committed 116864K, reserved 1150976K
  class space    used 11597K, capacity 14652K, committed 14720K, reserved 1048576K
}
Event: 16.435 GC heap before
{Heap before GC invocations=45 (full 4):
 PSYoungGen      total 145920K, used 134338K [0x00000000f5580000, 0x00000000ffc00000, 0x0000000100000000)
  eden space 122368K, 100% used [0x00000000f5580000,0x00000000fcd00000,0x00000000fcd00000)
  from space 23552K, 50% used [0x00000000fe500000,0x00000000ff0b0aa0,0x00000000ffc00000)
  to   space 24064K, 0% used [0x00000000fcd00000,0x00000000fcd00000,0x00000000fe480000)
 ParOldGen       total 332288K, used 177622K [0x00000000e0000000, 0x00000000f4480000, 0x00000000f5580000)
  object space 332288K, 53% used [0x00000000e0000000,0x00000000ead75968,0x00000000f4480000)
 Metaspace       used 105164K, capacity 117832K, committed 118016K, reserved 1153024K
  class space    used 11690K, capacity 14771K, committed 14848K, reserved 1048576K
Event: 16.443 GC heap after
Heap after GC invocations=45 (full 4):
 PSYoungGen      total 146432K, used 12476K [0x00000000f5580000, 0x00000000ffe80000, 0x0000000100000000)
  eden space 122368K, 0% used [0x00000000f5580000,0x00000000f5580000,0x00000000fcd00000)
  from space 24064K, 51% used [0x00000000fcd00000,0x00000000fd92f310,0x00000000fe480000)
  to   space 23040K, 0% used [0x00000000fe800000,0x00000000fe800000,0x00000000ffe80000)
 ParOldGen       total 332288K, used 177622K [0x00000000e0000000, 0x00000000f4480000, 0x00000000f5580000)
  object space 332288K, 53% used [0x00000000e0000000,0x00000000ead75968,0x00000000f4480000)
 Metaspace       used 105164K, capacity 117832K, committed 118016K, reserved 1153024K
  class space    used 11690K, capacity 14771K, committed 14848K, reserved 1048576K
}

Deoptimization events (10 events):
Event: 14.458 Thread 0x000000001cde7800 Uncommon trap: reason=bimorphic action=maybe_recompile pc=0x0000000003a0a0c0 method=java.util.regex.Pattern$Curly.match0(Ljava/util/regex/Matcher;IILjava/lang/CharSequence;)Z @ 77
Event: 14.675 Thread 0x000000001cde7800 Uncommon trap: reason=unstable_if action=reinterpret pc=0x0000000003c53cdc method=org.robolectric.internal.bytecode.InstrumentationConfiguration.shouldAcquire(Ljava/lang/String;)Z @ 51
Event: 14.933 Thread 0x000000001cde7800 Uncommon trap: reason=unstable_if action=reinterpret pc=0x0000000002ec4590 method=java.lang.invoke.MethodType.equals(Ljava/lang/invoke/MethodType;)Z @ 8
Event: 14.933 Thread 0x000000001cde7800 Uncommon trap: reason=class_check action=maybe_recompile pc=0x0000000002c274a8 method=java.util.concurrent.ConcurrentHashMap.putVal(Ljava/lang/Object;Ljava/lang/Object;Z)Ljava/lang/Object; @ 192
Event: 15.506 Thread 0x000000001cde7800 Uncommon trap: reason=bimorphic action=maybe_recompile pc=0x0000000003a0a0c0 method=java.util.regex.Pattern$Curly.match0(Ljava/util/regex/Matcher;IILjava/lang/CharSequence;)Z @ 77
Event: 15.792 Thread 0x00000000167a4800 Uncommon trap: reason=class_check action=maybe_recompile pc=0x0000000002c48cb0 method=java.util.regex.Pattern$Curly.match0(Ljava/util/regex/Matcher;IILjava/lang/CharSequence;)Z @ 77
Event: 16.305 Thread 0x000000001cde7800 Uncommon trap: reason=unstable_if action=reinterpret pc=0x0000000004054044 method=org.robolectric.res.android.ResourceString.decodeLengthUTF8(Ljava/nio/ByteBuffer;I)I @ 14
Event: 16.305 Thread 0x000000001cde7800 Uncommon trap: reason=unstable_if action=reinterpret pc=0x0000000003788ee0 method=org.robolectric.res.android.ResourceString.computeLengthOffset(ILorg/robolectric/res/android/ResourceString$Type;)I @ 28
Event: 16.305 Thread 0x000000001cde7800 Uncommon trap: reason=unstable_if action=reinterpret pc=0x0000000003207594 method=org.robolectric.res.android.ResourceString.decodeLengthUTF8(Ljava/nio/ByteBuffer;I)I @ 14
Event: 16.455 Thread 0x000000001cde7800 Uncommon trap: reason=unstable_if action=reinterpret pc=0x000000000401f3f4 method=java.lang.Math.min(FF)F @ 37

Internal exceptions (10 events):
Event: 13.967 Thread 0x0000000002a3b000 Exception <a 'java/lang/NullPointerException'> (0x00000000f5fbb9d0) thrown at [C:\re\workspace\8-2-build-windows-amd64-cygwin\jdk8u131\8869\hotspot\src\share\vm\interpreter\linkResolver.cpp, line 1299]
Event: 13.987 Thread 0x000000001cde7800 Exception <a 'sun/nio/fs/WindowsException'> (0x00000000f7c26f88) thrown at [C:\re\workspace\8-2-build-windows-amd64-cygwin\jdk8u131\8869\hotspot\src\share\vm\prims\jni.cpp, line 709]
Event: 14.020 Thread 0x000000001cde7800 Exception <a 'sun/nio/fs/WindowsException'> (0x00000000fabac798) thrown at [C:\re\workspace\8-2-build-windows-amd64-cygwin\jdk8u131\8869\hotspot\src\share\vm\prims\jni.cpp, line 709]
Event: 14.043 Thread 0x0000000002a3b000 Exception <a 'java/lang/NullPointerException'> (0x00000000f5d80888) thrown at [C:\re\workspace\8-2-build-windows-amd64-cygwin\jdk8u131\8869\hotspot\src\share\vm\interpreter\linkResolver.cpp, line 1299]
Event: 14.044 Thread 0x0000000002a3b000 Exception <a 'java/lang/NullPointerException'> (0x00000000f5fbdab8) thrown at [C:\re\workspace\8-2-build-windows-amd64-cygwin\jdk8u131\8869\hotspot\src\share\vm\interpreter\linkResolver.cpp, line 1299]
Event: 14.070 Thread 0x00000000167a4800 Exception <a 'java/lang/ClassNotFoundException': /package-info> (0x00000000f99dc3a0) thrown at [C:\re\workspace\8-2-build-windows-amd64-cygwin\jdk8u131\8869\hotspot\src\share\vm\prims\jni.cpp, line 735]
Event: 14.070 Thread 0x00000000167a4800 Exception <a 'java/lang/ClassNotFoundException': /package-info> (0x00000000f99dca58) thrown at [C:\re\workspace\8-2-build-windows-amd64-cygwin\jdk8u131\8869\hotspot\src\share\vm\prims\jni.cpp, line 735]
Event: 14.087 Thread 0x000000001cde7800 Exception <a 'sun/nio/fs/WindowsException'> (0x00000000f9f61fe8) thrown at [C:\re\workspace\8-2-build-windows-amd64-cygwin\jdk8u131\8869\hotspot\src\share\vm\prims\jni.cpp, line 709]
Event: 14.200 Thread 0x0000000002a3b000 Exception <a 'java/lang/NullPointerException'> (0x00000000f57c7728) thrown at [C:\re\workspace\8-2-build-windows-amd64-cygwin\jdk8u131\8869\hotspot\src\share\vm\interpreter\linkResolver.cpp, line 1299]
Event: 15.846 Thread 0x000000001cde7800 Exception <a 'sun/nio/fs/WindowsException'> (0x00000000f6b13cb8) thrown at [C:\re\workspace\8-2-build-windows-amd64-cygwin\jdk8u131\8869\hotspot\src\share\vm\prims\jni.cpp, line 709]

Events (10 events):
Event: 16.492 loading class android/animation/KeyframeSet
Event: 16.492 loading class android/animation/KeyframeSet done
Event: 16.492 loading class android/animation/TypeEvaluator
Event: 16.492 loading class android/animation/TypeEvaluator done
Event: 16.492 loading class android/animation/PropertyValuesHolder
Event: 16.492 loading class android/animation/PropertyValuesHolder done
Event: 16.493 loading class android/animation/TypeEvaluator
Event: 16.493 loading class android/animation/TypeEvaluator done
Event: 16.493 loading class android/animation/KeyframeSet
Event: 16.493 loading class android/animation/KeyframeSet done


Dynamic libraries:
0x00007ff6571b0000 - 0x00007ff6571e7000 	C:\Program Files\Java\jdk1.8.0_131\bin\java.exe
0x00007ffd03c70000 - 0x00007ffd03e51000 	C:\WINDOWS\SYSTEM32\ntdll.dll
0x00007ffcf5300000 - 0x00007ffcf5312000 	C:\Program Files\AVAST Software\Avast\aswhook.dll
0x00007ffd03340000 - 0x00007ffd033f1000 	C:\WINDOWS\System32\KERNEL32.DLL
0x00007ffd00040000 - 0x00007ffd002b3000 	C:\WINDOWS\System32\KERNELBASE.dll
0x00007ffd01940000 - 0x00007ffd019e1000 	C:\WINDOWS\System32\ADVAPI32.dll
0x00007ffd03930000 - 0x00007ffd039ce000 	C:\WINDOWS\System32\msvcrt.dll
0x00007ffd01b40000 - 0x00007ffd01b9b000 	C:\WINDOWS\System32\sechost.dll
0x00007ffd03670000 - 0x00007ffd03794000 	C:\WINDOWS\System32\RPCRT4.dll
0x00007ffd037a0000 - 0x00007ffd03930000 	C:\WINDOWS\System32\USER32.dll
0x00007ffd01060000 - 0x00007ffd01080000 	C:\WINDOWS\System32\win32u.dll
0x00007ffd034b0000 - 0x00007ffd034d8000 	C:\WINDOWS\System32\GDI32.dll
0x00007ffd00ec0000 - 0x00007ffd01051000 	C:\WINDOWS\System32\gdi32full.dll
0x00007ffd003d0000 - 0x00007ffd0046f000 	C:\WINDOWS\System32\msvcp_win.dll
0x00007ffd00bd0000 - 0x00007ffd00cc8000 	C:\WINDOWS\System32\ucrtbase.dll
0x00007ffcf41a0000 - 0x00007ffcf4409000 	C:\WINDOWS\WinSxS\amd64_microsoft.windows.common-controls_6595b64144ccf1df_6.0.17134.885_none_fb42a3473065565f\COMCTL32.dll
0x00007ffd01610000 - 0x00007ffd01932000 	C:\WINDOWS\System32\combase.dll
0x00007ffd01080000 - 0x00007ffd010f9000 	C:\WINDOWS\System32\bcryptPrimitives.dll
0x00007ffd01d40000 - 0x00007ffd01d6d000 	C:\WINDOWS\System32\IMM32.DLL
0x000000006aae0000 - 0x000000006abb2000 	C:\Program Files\Java\jdk1.8.0_131\jre\bin\msvcr100.dll
0x000000006a240000 - 0x000000006aadc000 	C:\Program Files\Java\jdk1.8.0_131\jre\bin\server\jvm.dll
0x00007ffd03660000 - 0x00007ffd03668000 	C:\WINDOWS\System32\PSAPI.DLL
0x00007ffcf4980000 - 0x00007ffcf4989000 	C:\WINDOWS\SYSTEM32\WSOCK32.dll
0x00007ffd034e0000 - 0x00007ffd0354c000 	C:\WINDOWS\System32\WS2_32.dll
0x00007ffcfcb30000 - 0x00007ffcfcb53000 	C:\WINDOWS\SYSTEM32\WINMM.dll
0x00007ffcfa790000 - 0x00007ffcfa79a000 	C:\WINDOWS\SYSTEM32\VERSION.dll
0x00007ffcfcb00000 - 0x00007ffcfcb2a000 	C:\WINDOWS\SYSTEM32\WINMMBASE.dll
0x00007ffd00470000 - 0x00007ffd004b9000 	C:\WINDOWS\System32\cfgmgr32.dll
0x000000006b8c0000 - 0x000000006b8cf000 	C:\Program Files\Java\jdk1.8.0_131\jre\bin\verify.dll
0x000000006a210000 - 0x000000006a239000 	C:\Program Files\Java\jdk1.8.0_131\jre\bin\java.dll
0x000000006b8a0000 - 0x000000006b8b6000 	C:\Program Files\Java\jdk1.8.0_131\jre\bin\zip.dll
0x00007ffd01f00000 - 0x00007ffd03340000 	C:\WINDOWS\System32\SHELL32.dll
0x00007ffd035b0000 - 0x00007ffd03659000 	C:\WINDOWS\System32\shcore.dll
0x00007ffd004c0000 - 0x00007ffd00bcd000 	C:\WINDOWS\System32\windows.storage.dll
0x00007ffd03550000 - 0x00007ffd035a1000 	C:\WINDOWS\System32\shlwapi.dll
0x00007ffd00020000 - 0x00007ffd00031000 	C:\WINDOWS\System32\kernel.appcore.dll
0x00007ffcfffe0000 - 0x00007ffcfffff000 	C:\WINDOWS\System32\profapi.dll
0x00007ffcfff90000 - 0x00007ffcfffdc000 	C:\WINDOWS\System32\powrprof.dll
0x00007ffcfff80000 - 0x00007ffcfff8a000 	C:\WINDOWS\System32\FLTLIB.DLL
0x000000006a1f0000 - 0x000000006a20a000 	C:\Program Files\Java\jdk1.8.0_131\jre\bin\net.dll
0x00007ffcff800000 - 0x00007ffcff866000 	C:\WINDOWS\system32\mswsock.dll
0x000000006a1d0000 - 0x000000006a1e1000 	C:\Program Files\Java\jdk1.8.0_131\jre\bin\nio.dll
0x00007ffcff9b0000 - 0x00007ffcff9c7000 	C:\WINDOWS\SYSTEM32\CRYPTSP.dll
0x00007ffcff3f0000 - 0x00007ffcff423000 	C:\WINDOWS\system32\rsaenh.dll
0x00007ffcffae0000 - 0x00007ffcffb05000 	C:\WINDOWS\SYSTEM32\bcrypt.dll
0x00007ffcffeb0000 - 0x00007ffcffed8000 	C:\WINDOWS\SYSTEM32\USERENV.dll
0x00007ffcff9d0000 - 0x00007ffcff9db000 	C:\WINDOWS\SYSTEM32\CRYPTBASE.dll
0x00007ffcff590000 - 0x00007ffcff5c8000 	C:\WINDOWS\SYSTEM32\IPHLPAPI.DLL
0x00007ffd034a0000 - 0x00007ffd034a8000 	C:\WINDOWS\System32\NSI.dll
0x00007ffcfa810000 - 0x00007ffcfa826000 	C:\WINDOWS\SYSTEM32\dhcpcsvc6.DLL
0x00007ffcfa850000 - 0x00007ffcfa86a000 	C:\WINDOWS\SYSTEM32\dhcpcsvc.DLL
0x000000006a1a0000 - 0x000000006a1c4000 	C:\Program Files\Java\jdk1.8.0_131\jre\bin\sunec.dll
0x000000006a190000 - 0x000000006a19b000 	C:\Program Files\Java\jdk1.8.0_131\jre\bin\sunmscapi.dll
0x00007ffd00cd0000 - 0x00007ffd00eb2000 	C:\WINDOWS\System32\CRYPT32.dll
0x00007ffd00000000 - 0x00007ffd00012000 	C:\WINDOWS\System32\MSASN1.dll
0x000000006a180000 - 0x000000006a18d000 	C:\Program Files\Java\jdk1.8.0_131\jre\bin\management.dll
0x00007ffce49d0000 - 0x00007ffce49e6000 	C:\WINDOWS\system32\napinsp.dll
0x00007ffce49b0000 - 0x00007ffce49ca000 	C:\WINDOWS\system32\pnrpnsp.dll
0x00007ffcfcdd0000 - 0x00007ffcfcde9000 	C:\WINDOWS\system32\NLAapi.dll
0x00007ffcff5e0000 - 0x00007ffcff69e000 	C:\WINDOWS\SYSTEM32\DNSAPI.dll
0x00007ffce7360000 - 0x00007ffce736e000 	C:\WINDOWS\System32\winrnr.dll
0x00007ffcf1b20000 - 0x00007ffcf1b2a000 	C:\Windows\System32\rasadhlp.dll
0x00007ffcf33b0000 - 0x00007ffcf3422000 	C:\WINDOWS\System32\fwpuclnt.dll
0x0000000069f70000 - 0x0000000069f93000 	C:\Program Files\Java\jdk1.8.0_131\jre\bin\instrument.dll
0x0000000180000000 - 0x000000018009c000 	C:\Users\Home\AppData\Local\Temp\1564094620196-0\sqlite4java.dll
0x00007ffcf1c70000 - 0x00007ffcf1e39000 	C:\WINDOWS\SYSTEM32\dbghelp.dll

VM Arguments:
jvm_args: -Djava.awt.headless=true -Djava.security.manager=worker.org.gradle.process.internal.worker.child.BootstrapSecurityManager -Dorg.gradle.native=false -Xmx512m -Dfile.encoding=x-windows-949 -Duser.country=US -Duser.language=en -Duser.variant -ea 
java_command: worker.org.gradle.process.internal.worker.GradleWorkerMain 'Gradle Test Executor 2'
java_class_path (initial): C:\Users\Home\.gradle\caches\5.1.1\workerMain\gradle-worker.jar
Launcher Type: SUN_STANDARD

Environment Variables:
JAVA_HOME=C:\Program Files\Java\jdk1.8.0_131
CLASSPATH=D:\Projects\Android\android-testing\\gradle\wrapper\gradle-wrapper.jar
PATH=C:\Program Files (x86)\Common Files\Oracle\Java\javapath;C:\ProgramData\Oracle\Java\javapath;C:\Program Files (x86)\Intel\iCLS Client\;C:\Program Files\Intel\iCLS Client\;C:\WINDOWS\system32;C:\WINDOWS;C:\WINDOWS\System32\Wbem;C:\WINDOWS\System32\WindowsPowerShell\v1.0\;C:\Program Files (x86)\Intel\OpenCL SDK\3.0\bin\x86;C:\Program Files (x86)\Intel\OpenCL SDK\3.0\bin\x64;C:\Program Files\Intel\Intel(R) Management Engine Components\DAL;C:\Program Files (x86)\Intel\Intel(R) Management Engine Components\DAL;C:\Program Files\Intel\Intel(R) Management Engine Components\IPT;C:\Program Files (x86)\Intel\Intel(R) Management Engine Components\IPT;C:\Program Files (x86)\AMD\ATI.ACE\Core-Static;C:\Program Files (x86)\ATI Technologies\ATI.ACE\Core-Static;C:\WINDOWS\System32\OpenSSH\;C:\Program Files (x86)\Calibre2\;C:\Program Files\Git\cmd;C:\Users\Home\AppData\Local\Microsoft\WindowsApps;C:\Program Files\Maven\apache-maven-3.5.0\bin;C:\Python27;C:\Program Files\Microsoft VS Code\bin;C:\Users\Home\AppData\Local\Programs\Microsoft VS Code\bin
USERNAME=Home
OS=Windows_NT
PROCESSOR_IDENTIFIER=Intel64 Family 6 Model 60 Stepping 3, GenuineIntel



---------------  S Y S T E M  ---------------

OS: Windows 10.0 , 64 bit Build 17134 (10.0.17134.753)

CPU:total 4 (initial active 4) (4 cores per cpu, 1 threads per core) family 6 model 60 stepping 3, cmov, cx8, fxsr, mmx, sse, sse2, sse3, ssse3, sse4.1, sse4.2, popcnt, avx, avx2, aes, clmul, erms, lzcnt, tsc, tscinvbit, bmi1, bmi2

Memory: 4k page, physical 16618988k(6470404k free), swap 33396204k(20600052k free)

vm_info: Java HotSpot(TM) 64-Bit Server VM (25.131-b11) for windows-amd64 JRE (1.8.0_131-b11), built on Mar 15 2017 01:23:53 by "java_re" with MS VC++ 10.0 (VS2010)

time: Thu Jul 25 18:43:44 2019
elapsed time: 16 seconds (0d 0h 0m 16s)

